11:00:45.094 skipping bootstrap configuration: could not find or read file: classpath:karate-config.js
11:00:45.556 request:
1 > GET https://gorest.co.in/public/v2/users/2138955
1 > Accept-Encoding: gzip,deflate
1 > Connection: Keep-Alive
1 > Host: gorest.co.in
1 > User-Agent: Apache-HttpClient/4.5.12 (Java/11.0.15)

11:00:46.207 response time in milliseconds: 643.73
1 < 200
1 < CF-Cache-Status: DYNAMIC
1 < CF-RAY: 856ba3e56a5d3fb3-SIN
1 < Cache-Control: max-age=0, private, must-revalidate
1 < Connection: keep-alive
1 < Content-Type: application/json; charset=utf-8
1 < Date: Sat, 17 Feb 2024 05:30:46 GMT
1 < NEL: {"success_fraction":0,"report_to":"cf-nel","max_age":604800}
1 < Report-To: {"endpoints":[{"url":"https:\/\/a.nel.cloudflare.com\/report\/v3?s=V3tCwTIaI9YLOAeU%2BdoFXggmhU%2BAva9ZJHuqc%2Bua8RMA2ukxcUP%2BYazVNYc1FGZtUXQkqYhbKCkTxke4sqDxu1kZS0GOkir60iHm4iUx0h9Fo1tCisYnjqcQYJwlrWo%3D"}],"group":"cf-nel","max_age":604800}
1 < Server: cloudflare
1 < Transfer-Encoding: chunked
1 < alt-svc: h3=":443"; ma=86400
1 < etag: W/"f9d2b73162b992a2b92c4a85ed9f2a14"
1 < referrer-policy: strict-origin-when-cross-origin
1 < vary: Origin
1 < x-content-type-options: nosniff
1 < x-download-options: noopen
1 < x-frame-options: SAMEORIGIN
1 < x-permitted-cross-domain-policies: none
1 < x-request-id: d1f25bd6-0426-494a-bc88-9ff794462a5c
1 < x-runtime: 0.025888
1 < x-xss-protection: 0
{"id":2138955,"name":"Pres. Bhagwanti Kocchar","email":"kocchar_bhagwanti_pres@keebler.example","gender":"female","status":"inactive"}

